2024-12-29 22:43:30,934 [INFO] com.digishopkart.product_service.ProductServiceApplicationTests [main] Starting ProductServiceApplicationTests using Java 17.0.12 with PID 13220 (started by Vozon in D:\Aj\digiShopKart\digishopkart-microservice\product-service)
2024-12-29 22:43:30,954 [DEBUG] com.digishopkart.product_service.ProductServiceApplicationTests [main] Running with Spring Boot v3.3.4, Spring v6.1.13
2024-12-29 22:43:30,958 [INFO] com.digishopkart.product_service.ProductServiceApplicationTests [main] No active profile set, falling back to 1 default profile: "default"
2024-12-29 22:43:31,123 [DEBUG] org.springframework.web.context.support.GenericWebApplicationContext [main] Refreshing org.springframework.web.context.support.GenericWebApplicationContext@4163f1cd
2024-12-29 22:43:33,182 [INFO] org.springframework.data.repository.config.RepositoryConfigurationDelegate [main] Bootstrapping Spring Data JPA repositories in DEFAULT mode.
2024-12-29 22:43:33,563 [INFO] org.springframework.data.repository.config.RepositoryConfigurationDelegate [main] Finished Spring Data repository scanning in 358 ms. Found 2 JPA repository interfaces.
2024-12-29 22:43:35,414 [INFO] org.springframework.cloud.context.scope.GenericScope [main] BeanFactory id=9760ab2c-e1bb-35c4-a6a6-95f399906eec
2024-12-29 22:43:36,080 [WARN] org.springframework.context.support.PostProcessorRegistrationDelegate$BeanPostProcessorChecker [main] Bean 'org.springframework.cloud.client.loadbalancer.LoadBalancerAutoConfiguration$DeferringLoadBalancerInterceptorConfig' of type [org.springframework.cloud.client.loadbalancer.LoadBalancerAutoConfiguration$DeferringLoadBalancerInterceptorConfig] is not eligible for getting processed by all BeanPostProcessors (for example: not eligible for auto-proxying). The currently created BeanPostProcessor [lbRestClientPostProcessor] is declared through a non-static factory method on that class; consider declaring it as static instead.
2024-12-29 22:43:36,089 [WARN] org.springframework.context.support.PostProcessorRegistrationDelegate$BeanPostProcessorChecker [main] Bean 'deferringLoadBalancerInterceptor' of type [org.springframework.cloud.client.loadbalancer.DeferringLoadBalancerInterceptor] is not eligible for getting processed by all BeanPostProcessors (for example: not eligible for auto-proxying). Is this bean getting eagerly injected into a currently created BeanPostProcessor [lbRestClientPostProcessor]? Check the corresponding BeanPostProcessor declaration and its dependencies.
2024-12-29 22:43:36,800 [INFO] org.hibernate.jpa.internal.util.LogHelper [main] HHH000204: Processing PersistenceUnitInfo [name: default]
2024-12-29 22:43:37,222 [INFO] org.hibernate.Version [main] HHH000412: Hibernate ORM core version 6.5.3.Final
2024-12-29 22:43:37,459 [INFO] org.hibernate.cache.internal.RegionFactoryInitiator [main] HHH000026: Second-level cache disabled
2024-12-29 22:43:38,699 [INFO] org.springframework.orm.jpa.persistenceunit.SpringPersistenceUnitInfo [main] No LoadTimeWeaver setup: ignoring JPA class transformer
2024-12-29 22:43:38,781 [INFO] com.zaxxer.hikari.HikariDataSource [main] HikariPool-1 - Starting...
2024-12-29 22:43:39,504 [INFO] com.zaxxer.hikari.pool.HikariPool [main] HikariPool-1 - Added connection com.mysql.cj.jdbc.ConnectionImpl@33356666
2024-12-29 22:43:39,508 [INFO] com.zaxxer.hikari.HikariDataSource [main] HikariPool-1 - Start completed.
2024-12-29 22:43:39,715 [WARN] org.hibernate.orm.deprecation [main] HHH90000025: MySQL8Dialect does not need to be specified explicitly using 'hibernate.dialect' (remove the property setting and it will be selected by default)
2024-12-29 22:43:39,717 [WARN] org.hibernate.orm.deprecation [main] HHH90000026: MySQL8Dialect has been deprecated; use org.hibernate.dialect.MySQLDialect instead
2024-12-29 22:43:41,424 [INFO] org.hibernate.engine.transaction.jta.platform.internal.JtaPlatformInitiator [main] HHH000489: No JTA platform available (set 'hibernate.transaction.jta.platform' to enable JTA platform integration)
2024-12-29 22:43:41,666 [INFO] org.springframework.orm.jpa.LocalContainerEntityManagerFactoryBean [main] Initialized JPA EntityManagerFactory for persistence unit 'default'
2024-12-29 22:43:42,866 [WARN] org.springframework.boot.autoconfigure.orm.jpa.JpaBaseConfiguration$JpaWebConfiguration [main] spring.jpa.open-in-view is enabled by default. Therefore, database queries may be performed during view rendering. Explicitly configure spring.jpa.open-in-view to disable this warning
2024-12-29 22:43:43,223 [DEBUG] org.springframework.web.servlet.mvc.method.annotation.RequestMappingHandlerMapping [main] 8 mappings in 'requestMappingHandlerMapping'
2024-12-29 22:43:43,485 [DEBUG] org.springframework.web.servlet.handler.SimpleUrlHandlerMapping [main] Patterns [/webjars/**, /**] in 'resourceHandlerMapping'
2024-12-29 22:43:43,578 [DEBUG] org.springframework.web.servlet.mvc.method.annotation.RequestMappingHandlerAdapter [main] ControllerAdvice beans: 0 @ModelAttribute, 0 @InitBinder, 1 RequestBodyAdvice, 1 ResponseBodyAdvice
2024-12-29 22:43:43,662 [DEBUG] org.springframework.web.servlet.mvc.method.annotation.ExceptionHandlerExceptionResolver [main] ControllerAdvice beans: 1 @ExceptionHandler, 1 ResponseBodyAdvice
2024-12-29 22:43:44,040 [INFO] org.springframework.security.config.annotation.authentication.configuration.InitializeUserDetailsBeanManagerConfigurer$InitializeUserDetailsManagerConfigurer [main] Global AuthenticationManager configured with UserDetailsService bean with name userDetailsService
2024-12-29 22:43:45,001 [INFO] org.springframework.cloud.netflix.eureka.config.DiscoveryClientOptionalArgsConfiguration [main] Eureka HTTP Client uses RestTemplate.
2024-12-29 22:43:45,122 [WARN] org.springframework.cloud.loadbalancer.config.LoadBalancerCacheAutoConfiguration$LoadBalancerCaffeineWarnLogger [main] Spring Cloud LoadBalancer is currently working with the default cache. While this cache implementation is useful for development and tests, it's recommended to use Caffeine cache in production.You can switch to using Caffeine cache, by adding it and org.springframework.cache.caffeine.CaffeineCacheManager to the classpath.
2024-12-29 22:43:45,172 [INFO] org.springframework.cloud.netflix.eureka.InstanceInfoFactory [main] Setting initial instance status as: STARTING
2024-12-29 22:43:45,420 [INFO] com.netflix.discovery.DiscoveryClient [main] Initializing Eureka in region us-east-1
2024-12-29 22:43:45,432 [INFO] com.netflix.discovery.shared.resolver.aws.ConfigClusterResolver [main] Resolving eureka endpoints via configuration
2024-12-29 22:43:45,507 [INFO] com.netflix.discovery.DiscoveryClient [main] Disable delta property : false
2024-12-29 22:43:45,510 [INFO] com.netflix.discovery.DiscoveryClient [main] Single vip registry refresh property : null
2024-12-29 22:43:45,511 [INFO] com.netflix.discovery.DiscoveryClient [main] Force full registry fetch : false
2024-12-29 22:43:45,512 [INFO] com.netflix.discovery.DiscoveryClient [main] Application is null : false
2024-12-29 22:43:45,513 [INFO] com.netflix.discovery.DiscoveryClient [main] Registered Applications size is zero : true
2024-12-29 22:43:45,513 [INFO] com.netflix.discovery.DiscoveryClient [main] Application version is -1: true
2024-12-29 22:43:45,514 [INFO] com.netflix.discovery.DiscoveryClient [main] Getting all instance registry info from the eureka server
2024-12-29 22:43:45,932 [DEBUG] org.springframework.web.client.RestTemplate [main] HTTP GET http://localhost:8761/eureka/apps/
2024-12-29 22:43:46,206 [DEBUG] org.springframework.web.client.RestTemplate [main] Accept=[application/json, application/*+json]
2024-12-29 22:43:46,333 [DEBUG] org.springframework.web.client.RestTemplate [main] Response 200 OK
2024-12-29 22:43:46,339 [DEBUG] org.springframework.web.client.RestTemplate [main] Reading to [org.springframework.cloud.netflix.eureka.http.EurekaApplications]
2024-12-29 22:43:46,406 [INFO] com.netflix.discovery.DiscoveryClient [main] The response status is 200
2024-12-29 22:43:46,413 [INFO] com.netflix.discovery.DiscoveryClient [main] Starting heartbeat executor: renew interval is: 30
2024-12-29 22:43:46,420 [INFO] com.netflix.discovery.InstanceInfoReplicator [main] InstanceInfoReplicator onDemand update allowed rate per min is 4
2024-12-29 22:43:46,434 [INFO] com.netflix.discovery.DiscoveryClient [main] Discovery Client initialized at timestamp 1735492426428 with initial instances count: 1
2024-12-29 22:43:46,443 [INFO] org.springframework.cloud.netflix.eureka.serviceregistry.EurekaServiceRegistry [main] Registering application PRODUCT-SERVICE with eureka with status UP
2024-12-29 22:43:46,445 [INFO] com.netflix.discovery.DiscoveryClient [main] Saw local status change event StatusChangeEvent [timestamp=1735492426445, current=UP, previous=STARTING]
2024-12-29 22:43:46,457 [INFO] com.netflix.discovery.DiscoveryClient [DiscoveryClient-InstanceInfoReplicator-0] DiscoveryClient_PRODUCT-SERVICE/host.docker.internal:product-service:8082: registering service...
2024-12-29 22:43:46,474 [DEBUG] org.springframework.web.client.RestTemplate [DiscoveryClient-InstanceInfoReplicator-0] HTTP POST http://localhost:8761/eureka/apps/PRODUCT-SERVICE
2024-12-29 22:43:46,481 [DEBUG] org.springframework.web.client.RestTemplate [DiscoveryClient-InstanceInfoReplicator-0] Accept=[application/json, application/*+json]
2024-12-29 22:43:46,500 [INFO] com.digishopkart.product_service.ProductServiceApplicationTests [main] Started ProductServiceApplicationTests in 17.039 seconds (process running for 19.864)
2024-12-29 22:43:46,521 [DEBUG] org.springframework.web.client.RestTemplate [DiscoveryClient-InstanceInfoReplicator-0] Writing [InstanceInfo [instanceId = host.docker.internal:product-service:8082, appName = PRODUCT-SERVICE, hostName = host.docker.internal, status = UP, ipAddr = 192.168.96.243, port = 8082, securePort = 443, dataCenterInfo = com.netflix.appinfo.MyDataCenterInfo@6ae1d5f1] as "application/json"
2024-12-29 22:43:46,595 [DEBUG] org.springframework.web.client.RestTemplate [DiscoveryClient-InstanceInfoReplicator-0] Response 204 NO_CONTENT
2024-12-29 22:43:46,596 [INFO] com.netflix.discovery.DiscoveryClient [DiscoveryClient-InstanceInfoReplicator-0] DiscoveryClient_PRODUCT-SERVICE/host.docker.internal:product-service:8082 - registration status: 204
2024-12-29 22:43:47,704 [DEBUG] org.springframework.web.context.support.GenericWebApplicationContext [SpringApplicationShutdownHook] Closing org.springframework.web.context.support.GenericWebApplicationContext@4163f1cd, started on Sun Dec 29 22:43:31 IST 2024
2024-12-29 22:43:47,705 [INFO] org.springframework.cloud.netflix.eureka.serviceregistry.EurekaServiceRegistry [SpringApplicationShutdownHook] Unregistering application PRODUCT-SERVICE with eureka with status DOWN
2024-12-29 22:43:47,706 [INFO] com.netflix.discovery.DiscoveryClient [SpringApplicationShutdownHook] Saw local status change event StatusChangeEvent [timestamp=1735492427706, current=DOWN, previous=UP]
2024-12-29 22:43:47,707 [INFO] com.netflix.discovery.DiscoveryClient [DiscoveryClient-InstanceInfoReplicator-0] DiscoveryClient_PRODUCT-SERVICE/host.docker.internal:product-service:8082: registering service...
2024-12-29 22:43:47,707 [DEBUG] org.springframework.web.client.RestTemplate [DiscoveryClient-InstanceInfoReplicator-0] HTTP POST http://localhost:8761/eureka/apps/PRODUCT-SERVICE
2024-12-29 22:43:47,708 [DEBUG] org.springframework.web.client.RestTemplate [DiscoveryClient-InstanceInfoReplicator-0] Accept=[application/json, application/*+json]
2024-12-29 22:43:47,709 [DEBUG] org.springframework.web.client.RestTemplate [DiscoveryClient-InstanceInfoReplicator-0] Writing [InstanceInfo [instanceId = host.docker.internal:product-service:8082, appName = PRODUCT-SERVICE, hostName = host.docker.internal, status = DOWN, ipAddr = 192.168.96.243, port = 8082, securePort = 443, dataCenterInfo = com.netflix.appinfo.MyDataCenterInfo@6ae1d5f1] as "application/json"
2024-12-29 22:43:47,725 [DEBUG] org.springframework.web.client.RestTemplate [DiscoveryClient-InstanceInfoReplicator-0] Response 204 NO_CONTENT
2024-12-29 22:43:47,726 [INFO] com.netflix.discovery.DiscoveryClient [DiscoveryClient-InstanceInfoReplicator-0] DiscoveryClient_PRODUCT-SERVICE/host.docker.internal:product-service:8082 - registration status: 204
2024-12-29 22:43:47,728 [INFO] org.springframework.orm.jpa.LocalContainerEntityManagerFactoryBean [SpringApplicationShutdownHook] Closing JPA EntityManagerFactory for persistence unit 'default'
2024-12-29 22:43:47,737 [INFO] com.zaxxer.hikari.HikariDataSource [SpringApplicationShutdownHook] HikariPool-1 - Shutdown initiated...
2024-12-29 22:43:47,770 [INFO] com.zaxxer.hikari.HikariDataSource [SpringApplicationShutdownHook] HikariPool-1 - Shutdown completed.
2024-12-29 22:43:47,771 [INFO] com.netflix.discovery.DiscoveryClient [SpringApplicationShutdownHook] Shutting down DiscoveryClient ...
2024-12-29 22:43:50,788 [INFO] com.netflix.discovery.DiscoveryClient [SpringApplicationShutdownHook] Unregistering ...
2024-12-29 22:43:50,791 [DEBUG] org.springframework.web.client.RestTemplate [SpringApplicationShutdownHook] HTTP DELETE http://localhost:8761/eureka/apps/PRODUCT-SERVICE/host.docker.internal:product-service:8082
2024-12-29 22:43:50,792 [DEBUG] org.springframework.web.client.RestTemplate [SpringApplicationShutdownHook] Accept=[application/json, application/*+json]
2024-12-29 22:43:50,869 [DEBUG] org.springframework.web.client.RestTemplate [SpringApplicationShutdownHook] Response 200 OK
2024-12-29 22:43:50,869 [INFO] com.netflix.discovery.DiscoveryClient [SpringApplicationShutdownHook] DiscoveryClient_PRODUCT-SERVICE/host.docker.internal:product-service:8082 - deregister  status: 200
2024-12-29 22:43:50,881 [INFO] com.netflix.discovery.DiscoveryClient [SpringApplicationShutdownHook] Completed shut down of DiscoveryClient
